<?xml version="1.0" encoding="UTF-8"?>
<coverage generated="1628100693893" clover="3.2.0">
  <project timestamp="1628100693893" name="All files">
    <metrics statements="4" coveredstatements="2" conditionals="0" coveredconditionals="0" methods="1" coveredmethods="1" elements="5" coveredelements="3" complexity="0" loc="4" ncloc="4" packages="3" files="3" classes="3"/>
    <package name="src">
      <metrics statements="0" coveredstatements="0" conditionals="0" coveredconditionals="0" methods="0" coveredmethods="0"/>
      <file name="declaration.d.ts" path="D:\TestProjects\revEx\src\declaration.d.ts">
        <metrics statements="0" coveredstatements="0" conditionals="0" coveredconditionals="0" methods="0" coveredmethods="0"/>
      </file>
    </package>
    <package name="src.pages.Home">
      <metrics statements="2" coveredstatements="2" conditionals="0" coveredconditionals="0" methods="1" coveredmethods="1"/>
      <file name="handlers.ts" path="D:\TestProjects\revEx\src\pages\Home\handlers.ts">
        <metrics statements="2" coveredstatements="2" conditionals="0" coveredconditionals="0" methods="1" coveredmethods="1"/>
        <line num="1" count="1" type="stmt"/>
        <line num="6" count="1" type="stmt"/>
      </file>
    </package>
    <package name="src.routes">
      <metrics statements="2" coveredstatements="0" conditionals="0" coveredconditionals="0" methods="0" coveredmethods="0"/>
      <file name="index.ts" path="D:\TestProjects\revEx\src\routes\index.ts">
        <metrics statements="2" coveredstatements="0" conditionals="0" coveredconditionals="0" methods="0" coveredmethods="0"/>
        <line num="1" count="0" type="stmt"/>
        <line num="3" count="0" type="stmt"/>
      </file>
    </package>
  </project>
</coverage>
