{"D:\\TestProjects\\revEx\\src\\declaration.d.ts": {"path":"D:\\TestProjects\\revEx\\src\\declaration.d.ts","statementMap":{},"fnMap":{},"branchMap":{},"s":{},"f":{},"b":{},"inputSourceMap":null}
,"D:\\TestProjects\\revEx\\src\\pages\\Home\\handlers.ts": {"path":"D:\\TestProjects\\revEx\\src\\pages\\Home\\handlers.ts","statementMap":{"0":{"start":{"line":1,"column":13},"end":{"line":4,"column":2}},"1":{"start":{"line":6,"column":13},"end":{"line":6,"column":65}},"2":{"start":{"line":6,"column":59},"end":{"line":6,"column":65}}},"fnMap":{"0":{"name":"(anonymous_0)","decl":{"start":{"line":6,"column":25},"end":{"line":6,"column":26}},"loc":{"start":{"line":6,"column":46},"end":{"line":6,"column":60}}}},"branchMap":{},"s":{"0":1,"1":1,"2":1},"f":{"0":1},"b":{}}
,"D:\\TestProjects\\revEx\\src\\routes\\index.ts": {"path":"D:\\TestProjects\\revEx\\src\\routes\\index.ts","statementMap":{"0":{"start":{"line":1,"column":0},"end":{"line":1,"column":37}},"1":{"start":{"line":3,"column":13},"end":{"line":9,"column":2}}},"fnMap":{},"branchMap":{},"s":{"0":0,"1":0},"f":{},"b":{}}
}
